<?xml version="1.0" encoding="UTF-8"?>
<!-- Generated by org.testng.reporters.JUnitXMLReporter -->
<testsuite hostname="INCNU4289YK4" name="Validate Message" tests="1" failures="0" timestamp="26 Oct 2020 07:03:04 GMT" time="0.012" errors="0">
  <testcase name="@BeforeTest initialize" time="0.0" classname="testcases.ValidateMsg">
    <failure type="java.lang.NullPointerException">
      <![CDATA[java.lang.NullPointerException
	at resources.Base.initializeDriver(Base.java:36)
	at testcases.ValidateMsg.initialize(ValidateMsg.java:18)
... Removed 22 stack frames]]>
    </failure>
  </testcase> <!-- @BeforeTest initialize -->
  <testcase name="@AfterTest teardown" time="0.0" classname="testcases.ValidateMsg">
    <skipped/>
  </testcase> <!-- @AfterTest teardown -->
  <testcase name="validateApp" time="0.002" classname="testcases.ValidateMsg">
    <skipped/>
  </testcase> <!-- validateApp -->
</testsuite> <!-- Validate Message -->
