<?xml version="1.0" encoding="UTF-8"?>
<testng-results skipped="0" failed="0" total="1" passed="1">
  <reporter-output>
  </reporter-output>
  <suite name="Default suite" duration-ms="31749" started-at="2020-10-26T08:35:15Z" finished-at="2020-10-26T08:35:47Z">
    <groups>
    </groups>
    <test name="Default test" duration-ms="31749" started-at="2020-10-26T08:35:15Z" finished-at="2020-10-26T08:35:47Z">
      <class name="testcases.LoginTest">
        <test-method status="PASS" signature="LoginApp()[pri:0, instance:testcases.LoginTest@256216b3]" name="LoginApp" duration-ms="31669" started-at="2020-10-26T14:05:15Z" finished-at="2020-10-26T14:05:47Z">
          <reporter-output>
          </reporter-output>
        </test-method> <!-- LoginApp -->
      </class> <!-- testcases.LoginTest -->
    </test> <!-- Default test -->
  </suite> <!-- Default suite -->
</testng-results>
